<?xml version="1.0" encoding="UTF-8"?>
<testsuite name="com.tdd.TestConverter" tests="2" skipped="0" failures="0" errors="0" timestamp="2020-08-25T14:39:32" hostname="LEXUS-PC" time="0.006">
  <properties/>
  <testcase name="arabicToRoman_whenArabicOneIsI_thenOk" classname="com.tdd.TestConverter" time="0.005"/>
  <testcase name="arabicToRoman_whenArabicNineIsIX_thenOk" classname="com.tdd.TestConverter" time="0.0"/>
  <system-out><![CDATA[]]></system-out>
  <system-err><![CDATA[]]></system-err>
</testsuite>
